<?xml version="1.0" encoding="UTF-8"?>
<!-- Generated by org.testng.reporters.JUnitXMLReporter -->
<testsuite hostname="DESKTOP-NBAG2P3" failures="0" tests="3" name="Default test" time="43.023" errors="0" timestamp="30 Oct 2022 05:51:52 GMT">
  <testcase classname="Casestudy1.TestNG1" name="testcase1" time="3.222"/>
  <testcase classname="Casestudy1.TestNG1" name="testcase2" time="0.035"/>
  <testcase classname="Casestudy1.TestNG1" name="testcase3" time="27.929"/>
</testsuite> <!-- Default test -->
