<?xml version="1.0" encoding="UTF-8"?>
<testng-results total="3" passed="3" failed="0" skipped="0">
  <reporter-output>
  </reporter-output>
  <suite started-at="2022-10-30T05:51:09Z" name="Default suite" finished-at="2022-10-30T05:51:52Z" duration-ms="43023">
    <groups>
    </groups>
    <test started-at="2022-10-30T05:51:09Z" name="Default test" finished-at="2022-10-30T05:51:52Z" duration-ms="43023">
      <class name="Casestudy1.TestNG1">
        <test-method is-config="true" signature="BT()[pri:0, instance:Casestudy1.TestNG1@36060e]" started-at="2022-10-30T11:21:09Z" name="BT" finished-at="2022-10-30T11:21:17Z" duration-ms="8557" status="PASS">
          <reporter-output>
          </reporter-output>
        </test-method> <!-- BT -->
        <test-method signature="testcase1()[pri:0, instance:Casestudy1.TestNG1@36060e]" started-at="2022-10-30T11:21:17Z" name="testcase1" finished-at="2022-10-30T11:21:21Z" duration-ms="3222" status="PASS">
          <reporter-output>
          </reporter-output>
        </test-method> <!-- testcase1 -->
        <test-method signature="testcase2()[pri:1, instance:Casestudy1.TestNG1@36060e]" started-at="2022-10-30T11:21:21Z" name="testcase2" finished-at="2022-10-30T11:21:21Z" duration-ms="35" status="PASS">
          <reporter-output>
          </reporter-output>
        </test-method> <!-- testcase2 -->
        <test-method signature="testcase3()[pri:2, instance:Casestudy1.TestNG1@36060e]" started-at="2022-10-30T11:21:21Z" name="testcase3" finished-at="2022-10-30T11:21:49Z" duration-ms="27929" status="PASS">
          <reporter-output>
          </reporter-output>
        </test-method> <!-- testcase3 -->
        <test-method is-config="true" signature="B()[pri:0, instance:Casestudy1.TestNG1@36060e]" started-at="2022-10-30T11:21:49Z" name="B" finished-at="2022-10-30T11:21:52Z" duration-ms="3261" status="PASS">
          <reporter-output>
          </reporter-output>
        </test-method> <!-- B -->
      </class> <!-- Casestudy1.TestNG1 -->
    </test> <!-- Default test -->
  </suite> <!-- Default suite -->
</testng-results>
